<?xml version="1.0" encoding="UTF-8"?>
<!-- Generated by org.testng.reporters.JUnitReportReporter -->
<testsuite hostname="DESKTOP-IPR3F2F" failures="0" tests="2" name="cucumberOptions.TestNGTestRunner" time="22.702" errors="0" timestamp="2024-05-30T18:27:11 IST" skipped="0">
  <testcase classname="cucumberOptions.TestNGTestRunner" name="runScenario" time="12.237"/>
  <testcase classname="cucumberOptions.TestNGTestRunner" name="runScenario" time="10.465"/>
</testsuite> <!-- cucumberOptions.TestNGTestRunner -->
